2014-01-20 21:36:02,435 ERROR [com.provisiones.dal.ConnectionManager:getUser] ERROR: Ocurrió un problema al solicitar el usuario de sesión.
2014-01-20 21:36:02,439 DEBUG [com.provisiones.dal.qm.QMPagos:addPago] Ejecutando Query...
2014-01-20 21:36:02,445 DEBUG [com.provisiones.dal.qm.QMPagos:addPago] INSERT INTO pp002_pagos_tbl (cod_gasto,cod_tp,fepgpr,pais,dciban,nuccen,nuccof,nuccdi) VALUES ('1','1','1','1','1','1','1','1','1','','20140120213602441')
2014-01-20 21:36:02,447 ERROR [com.provisiones.dal.qm.QMPagos:addPago] ERROR GASTO:|1|
2014-01-20 21:36:02,447 ERROR [com.provisiones.dal.qm.QMPagos:addPago] ERROR FECHA:|1|
2014-01-20 21:36:02,448 ERROR [com.provisiones.dal.qm.QMPagos:addPago] ERROR 1136 (21S01): Column count doesn't match value count at row 1
2014-01-20 21:36:27,852 ERROR [com.provisiones.dal.ConnectionManager:getUser] ERROR: Ocurrió un problema al solicitar el usuario de sesión.
2014-01-20 21:36:27,854 DEBUG [com.provisiones.dal.qm.QMPagos:addPago] Ejecutando Query...
2014-01-20 21:36:27,857 DEBUG [com.provisiones.dal.qm.QMPagos:addPago] INSERT INTO pp002_pagos_tbl (cod_gasto,cod_tp,fepgpr,pais,dciban,nuccen,nuccof,nuccdi) VALUES ('1','1','1','1','1','1','1','1','1','','20140120213627855')
2014-01-20 21:36:27,860 ERROR [com.provisiones.dal.qm.QMPagos:addPago] ERROR GASTO:|1|
2014-01-20 21:36:27,860 ERROR [com.provisiones.dal.qm.QMPagos:addPago] ERROR FECHA:|1|
2014-01-20 21:36:27,861 ERROR [com.provisiones.dal.qm.QMPagos:addPago] ERROR 1136 (21S01): Column count doesn't match value count at row 1
2014-04-16 10:31:09,365 DEBUG [com.provisiones.misc.Utils:recuperaRecargo] sRecargo:|156441620000|
2014-04-16 10:31:09,369 DEBUG [com.provisiones.misc.Utils:recuperaRecargo] sImporteReal:|1564416200,00|
2014-04-16 10:32:08,393 DEBUG [com.provisiones.misc.Utils:recuperaRecargo] sRecargo:|156441620000|
2014-04-16 10:32:08,394 DEBUG [com.provisiones.misc.Utils:recuperaRecargo] sImporteReal:|1564416200,00|
2014-04-16 10:32:55,120 DEBUG [com.provisiones.misc.Utils:recuperaRecargo] sRecargo:|156441620000|
2014-04-16 10:32:55,121 DEBUG [com.provisiones.misc.Utils:recuperaRecargo] sImporteReal:|15644162,0000|
2014-04-16 10:38:09,773 DEBUG [com.provisiones.misc.Utils:recuperaRecargo] sRecargo:|156441620000|
2014-04-16 10:38:09,775 DEBUG [com.provisiones.misc.Utils:recuperaRecargo] sImporteReal:|15644162,00|
2014-04-16 11:10:19,335 DEBUG [com.provisiones.misc.Utils:recuperaRecargo] sRecargo:|156441620000|
2014-04-16 11:10:19,337 DEBUG [com.provisiones.misc.Utils:recuperaRecargo] sImporteReal:|156441,62|
2014-04-16 11:11:07,817 DEBUG [com.provisiones.misc.Utils:recuperaRecargo] sRecargo:|156441620000|
2014-04-16 11:11:07,819 DEBUG [com.provisiones.misc.Utils:recuperaRecargo] sImporteReal:|156441,62|
2014-04-16 11:11:07,819 DEBUG [com.provisiones.misc.Utils:recuperaImporte] sImporte:|15644162|
2014-04-16 11:11:07,819 DEBUG [com.provisiones.misc.Utils:recuperaImporte] sImporteReal:|156441,62|
2014-04-21 12:48:03,905 DEBUG [com.provisiones.misc.Utils:recuperaRecargo] sRecargo:|156441620000|
2014-04-21 12:48:03,909 DEBUG [com.provisiones.misc.Utils:recuperaRecargo] sImporteReal:|156441,62|
2014-04-21 12:48:03,909 DEBUG [com.provisiones.misc.Utils:recuperaImporte] sImporte:|15644162|
2014-04-21 12:48:03,909 DEBUG [com.provisiones.misc.Utils:recuperaImporte] sImporteReal:|156441,62|
2014-04-21 12:53:21,163 DEBUG [com.provisiones.misc.Utils:recuperaRecargo] sRecargo:|620000|
2014-04-21 12:53:21,165 DEBUG [com.provisiones.misc.Utils:recuperaRecargo] sImporteReal:|0|
2014-04-21 12:53:21,165 DEBUG [com.provisiones.misc.Utils:recuperaImporte] sImporte:|62|
2014-04-21 12:53:21,165 DEBUG [com.provisiones.misc.Utils:recuperaImporte] sImporteReal:|0|
2014-04-21 12:58:26,996 DEBUG [com.provisiones.misc.Utils:recuperaRecargo] sRecargo:|620000|
2014-04-21 12:58:26,998 DEBUG [com.provisiones.misc.Utils:recuperaRecargo] sImporteReal:|0|
2014-04-21 12:58:26,998 DEBUG [com.provisiones.misc.Utils:recuperaImporte] sImporte:|62|
2014-04-21 12:58:26,998 DEBUG [com.provisiones.misc.Utils:recuperaImporte] sImporteReal:|0,62|
2014-04-21 12:58:47,290 DEBUG [com.provisiones.misc.Utils:recuperaRecargo] sRecargo:|60000|
2014-04-21 12:58:47,292 DEBUG [com.provisiones.misc.Utils:recuperaRecargo] sImporteReal:|0|
2014-04-21 12:58:47,292 DEBUG [com.provisiones.misc.Utils:recuperaImporte] sImporte:|6|
2014-04-21 12:58:47,292 DEBUG [com.provisiones.misc.Utils:recuperaImporte] sImporteReal:|0,6|
2014-04-21 12:59:00,799 DEBUG [com.provisiones.misc.Utils:recuperaRecargo] sRecargo:|60000|
2014-04-21 12:59:00,801 DEBUG [com.provisiones.misc.Utils:recuperaRecargo] sImporteReal:|0|
2014-04-21 12:59:00,801 DEBUG [com.provisiones.misc.Utils:recuperaImporte] sImporte:|60|
2014-04-21 12:59:00,801 DEBUG [com.provisiones.misc.Utils:recuperaImporte] sImporteReal:|0,60|
2014-04-21 12:59:11,097 DEBUG [com.provisiones.misc.Utils:recuperaRecargo] sRecargo:|60000|
2014-04-21 12:59:11,098 DEBUG [com.provisiones.misc.Utils:recuperaRecargo] sImporteReal:|0|
2014-04-21 12:59:11,098 DEBUG [com.provisiones.misc.Utils:recuperaImporte] sImporte:|6|
2014-04-21 12:59:11,099 DEBUG [com.provisiones.misc.Utils:recuperaImporte] sImporteReal:|0,6|
2014-04-21 13:00:27,642 DEBUG [com.provisiones.misc.Utils:recuperaRecargo] sRecargo:|60000|
2014-04-21 13:00:27,643 DEBUG [com.provisiones.misc.Utils:recuperaRecargo] sImporteReal:|0|
2014-04-21 13:00:27,643 DEBUG [com.provisiones.misc.Utils:recuperaImporte] sImporte:|6|
2014-04-21 13:00:27,644 DEBUG [com.provisiones.misc.Utils:recuperaImporte] sImporteReal:|0,06|
2014-04-21 13:08:38,920 DEBUG [com.provisiones.misc.Utils:recuperaRecargo] sRecargo:|60000|
2014-04-21 13:08:38,922 DEBUG [com.provisiones.misc.Utils:recuperaRecargo] sImporteReal:|0|
2014-04-21 13:08:38,922 DEBUG [com.provisiones.misc.Utils:recuperaImporte] sImporte:|6|
2014-04-21 13:08:38,922 DEBUG [com.provisiones.misc.Utils:recuperaImporte] sImporteReal:|0,06|
2014-04-21 13:11:28,924 DEBUG [com.provisiones.misc.Utils:recuperaRecargo] sRecargo:|60000|
2014-04-21 13:11:28,926 DEBUG [com.provisiones.misc.Utils:recuperaRecargo] sImporteReal:|0|
2014-04-21 13:11:28,926 DEBUG [com.provisiones.misc.Utils:recuperaImporte] sImporte:|6|
2014-04-21 13:11:28,926 DEBUG [com.provisiones.misc.Utils:recuperaImporte] sImporteReal:|0,06|
2014-04-21 13:13:28,522 DEBUG [com.provisiones.misc.Utils:recuperaRecargo] sRecargo:|60000|
2014-04-21 13:13:28,523 DEBUG [com.provisiones.misc.Utils:recuperaRecargo] sImporteReal:|0|
2014-04-21 13:13:28,523 DEBUG [com.provisiones.misc.Utils:recuperaImporte] sImporte:|6|
2014-04-21 13:13:28,523 DEBUG [com.provisiones.misc.Utils:recuperaImporte] sImporteReal:|0,06|
2014-04-21 13:14:21,630 DEBUG [com.provisiones.misc.Utils:recuperaRecargo] sRecargo:|60000|
2014-04-21 13:14:21,631 DEBUG [com.provisiones.misc.Utils:recuperaRecargo] sRecargo.length():|5|
2014-04-21 13:14:21,631 DEBUG [com.provisiones.misc.Utils:recuperaRecargo] sImporteReal:|0|
2014-04-21 13:14:21,631 DEBUG [com.provisiones.misc.Utils:recuperaImporte] sImporte:|6|
2014-04-21 13:14:21,631 DEBUG [com.provisiones.misc.Utils:recuperaImporte] sImporteReal:|0,06|
2014-04-21 13:16:16,295 DEBUG [com.provisiones.misc.Utils:recuperaRecargo] sRecargo:|1967000|
2014-04-21 13:16:16,297 DEBUG [com.provisiones.misc.Utils:recuperaRecargo] sRecargo.length():|7|
2014-04-21 13:16:16,297 DEBUG [com.provisiones.misc.Utils:recuperaRecargo] sEuros:|1|
2014-04-21 13:16:16,297 DEBUG [com.provisiones.misc.Utils:recuperaRecargo] sCentimos:|96|
2014-04-21 13:16:16,297 DEBUG [com.provisiones.misc.Utils:recuperaRecargo] sImporteReal:|1,96|
2014-04-21 13:16:16,297 DEBUG [com.provisiones.misc.Utils:recuperaImporte] sImporte:|6|
2014-04-21 13:16:16,298 DEBUG [com.provisiones.misc.Utils:recuperaImporte] sImporteReal:|0,06|
2014-04-21 13:16:55,493 DEBUG [com.provisiones.misc.Utils:recuperaRecargo] sRecargo:|51000|
2014-04-21 13:16:55,495 DEBUG [com.provisiones.misc.Utils:recuperaRecargo] sRecargo.length():|5|
2014-04-21 13:16:55,495 DEBUG [com.provisiones.misc.Utils:recuperaRecargo] sImporteReal:|0|
2014-04-21 13:16:55,495 DEBUG [com.provisiones.misc.Utils:recuperaImporte] sImporte:|6|
2014-04-21 13:16:55,495 DEBUG [com.provisiones.misc.Utils:recuperaImporte] sImporteReal:|0,06|
2014-04-21 13:17:01,657 DEBUG [com.provisiones.misc.Utils:recuperaRecargo] sRecargo:|51000|
2014-04-21 13:17:01,659 DEBUG [com.provisiones.misc.Utils:recuperaRecargo] sRecargo.length():|5|
2014-04-21 13:17:01,659 DEBUG [com.provisiones.misc.Utils:recuperaRecargo] sImporteReal:|0|
2014-04-21 13:17:01,659 DEBUG [com.provisiones.misc.Utils:recuperaImporte] sImporte:|6|
2014-04-21 13:17:01,659 DEBUG [com.provisiones.misc.Utils:recuperaImporte] sImporteReal:|0,06|
2014-04-21 13:21:52,760 DEBUG [com.provisiones.misc.Utils:recuperaRecargo] sRecargo:|1967000|
2014-04-21 13:21:52,762 DEBUG [com.provisiones.misc.Utils:recuperaRecargo] sRecargo.length():|7|
2014-04-21 13:21:52,762 DEBUG [com.provisiones.misc.Utils:recuperaRecargo] sEuros:|1|
2014-04-21 13:21:52,762 DEBUG [com.provisiones.misc.Utils:recuperaRecargo] sCentimos:|96|
2014-04-21 13:21:52,762 DEBUG [com.provisiones.misc.Utils:recuperaRecargo] sImporteReal:|1,96|
2014-04-21 13:21:52,762 DEBUG [com.provisiones.misc.Utils:recuperaImporte] sImporte:|6|
2014-04-21 13:21:52,763 DEBUG [com.provisiones.misc.Utils:recuperaImporte] sImporteReal:|0,06|
2014-04-21 13:23:26,512 DEBUG [com.provisiones.misc.Utils:recuperaRecargo] sRecargo:|1967000|
2014-04-21 13:23:26,514 DEBUG [com.provisiones.misc.Utils:recuperaRecargo] sRecargo.length():|7|
2014-04-21 13:23:26,514 DEBUG [com.provisiones.misc.Utils:recuperaRecargo] Long.parseLong(sRecargo)%10000:|7000|
2014-04-21 13:23:26,514 DEBUG [com.provisiones.misc.Utils:recuperaRecargo] sEuros:|1|
2014-04-21 13:23:26,514 DEBUG [com.provisiones.misc.Utils:recuperaRecargo] sCentimos:|96|
2014-04-21 13:23:26,514 DEBUG [com.provisiones.misc.Utils:recuperaRecargo] sImporteReal:|1,96|
2014-04-21 13:23:26,515 DEBUG [com.provisiones.misc.Utils:recuperaImporte] sImporte:|6|
2014-04-21 13:23:26,515 DEBUG [com.provisiones.misc.Utils:recuperaImporte] sImporteReal:|0,06|
2014-04-21 13:24:32,582 DEBUG [com.provisiones.misc.Utils:recuperaRecargo] sRecargo:|1967000|
2014-04-21 13:24:32,583 DEBUG [com.provisiones.misc.Utils:recuperaRecargo] sRecargo.length():|7|
2014-04-21 13:24:32,584 DEBUG [com.provisiones.misc.Utils:recuperaRecargo] Long.parseLong(sRecargo)%10000:|7000|
2014-04-21 13:24:32,584 DEBUG [com.provisiones.misc.Utils:recuperaRecargo] sEuros:|1|
2014-04-21 13:24:32,584 DEBUG [com.provisiones.misc.Utils:recuperaRecargo] sCentimos:|97|
2014-04-21 13:24:32,584 DEBUG [com.provisiones.misc.Utils:recuperaRecargo] sImporteReal:|1,97|
2014-04-21 13:24:32,585 DEBUG [com.provisiones.misc.Utils:recuperaImporte] sImporte:|6|
2014-04-21 13:24:32,585 DEBUG [com.provisiones.misc.Utils:recuperaImporte] sImporteReal:|0,06|
2014-04-21 13:26:08,566 DEBUG [com.provisiones.misc.Utils:recuperaRecargo] sRecargo:|10000|
2014-04-21 13:26:08,568 DEBUG [com.provisiones.misc.Utils:recuperaRecargo] sRecargo.length():|5|
2014-04-21 13:26:08,568 DEBUG [com.provisiones.misc.Utils:recuperaRecargo] sImporteReal:|0|
2014-04-21 13:26:08,568 DEBUG [com.provisiones.misc.Utils:recuperaImporte] sImporte:|6|
2014-04-21 13:26:08,568 DEBUG [com.provisiones.misc.Utils:recuperaImporte] sImporteReal:|0,06|
2014-04-21 13:33:43,168 DEBUG [com.provisiones.misc.Utils:recuperaRecargo] sRecargo:|10000|
2014-04-21 13:33:43,170 DEBUG [com.provisiones.misc.Utils:recuperaRecargo] sRecargo.length():|5|
2014-04-21 13:33:43,170 DEBUG [com.provisiones.misc.Utils:recuperaRecargo] sImporteReal:|0,0100|
2014-04-21 13:33:43,170 DEBUG [com.provisiones.misc.Utils:recuperaImporte] sImporte:|6|
2014-04-21 13:33:43,170 DEBUG [com.provisiones.misc.Utils:recuperaImporte] sImporteReal:|0,06|
2014-04-21 13:34:41,580 DEBUG [com.provisiones.misc.Utils:recuperaRecargo] sRecargo:|10000|
2014-04-21 13:34:41,582 DEBUG [com.provisiones.misc.Utils:recuperaRecargo] sRecargo.length():|5|
2014-04-21 13:34:41,582 DEBUG [com.provisiones.misc.Utils:recuperaRecargo] sImporteReal:|0,010|
2014-04-21 13:34:41,582 DEBUG [com.provisiones.misc.Utils:recuperaImporte] sImporte:|6|
2014-04-21 13:34:41,582 DEBUG [com.provisiones.misc.Utils:recuperaImporte] sImporteReal:|0,06|
2014-04-21 13:35:16,896 DEBUG [com.provisiones.misc.Utils:recuperaRecargo] sRecargo:|10000|
2014-04-21 13:35:16,898 DEBUG [com.provisiones.misc.Utils:recuperaRecargo] sRecargo.length():|5|
2014-04-21 13:35:16,898 DEBUG [com.provisiones.misc.Utils:recuperaRecargo] sImporteReal:|0,01|
2014-04-21 13:35:16,898 DEBUG [com.provisiones.misc.Utils:recuperaImporte] sImporte:|6|
2014-04-21 13:35:16,898 DEBUG [com.provisiones.misc.Utils:recuperaImporte] sImporteReal:|0,06|
2014-04-21 13:35:30,576 DEBUG [com.provisiones.misc.Utils:recuperaRecargo] sRecargo:|100000|
2014-04-21 13:35:30,577 DEBUG [com.provisiones.misc.Utils:recuperaRecargo] sRecargo.length():|6|
2014-04-21 13:35:30,577 DEBUG [com.provisiones.misc.Utils:recuperaRecargo] sImporteReal:|0,1|
2014-04-21 13:35:30,577 DEBUG [com.provisiones.misc.Utils:recuperaImporte] sImporte:|6|
2014-04-21 13:35:30,577 DEBUG [com.provisiones.misc.Utils:recuperaImporte] sImporteReal:|0,06|
2014-04-21 14:04:17,738 DEBUG [com.provisiones.misc.Utils:recuperaRecargo] sRecargo:|100000|
2014-04-21 14:04:17,740 DEBUG [com.provisiones.misc.Utils:recuperaRecargo] sRecargo.length():|6|
2014-04-21 14:04:17,740 DEBUG [com.provisiones.misc.Utils:recuperaRecargo] sRecargoReal:|0,1|
2014-04-21 14:04:17,740 DEBUG [com.provisiones.misc.Utils:recuperaImporte] sImporte:|6|
2014-04-21 14:04:17,740 DEBUG [com.provisiones.misc.Utils:recuperaImporte] sImporteReal:|0,06|
2014-04-21 14:10:31,800 DEBUG [com.provisiones.misc.Utils:recuperaRecargo] sRecargo:|100000|
2014-04-21 14:10:31,801 DEBUG [com.provisiones.misc.Utils:recuperaRecargo] sRecargo.length():|6|
2014-04-21 14:10:31,801 DEBUG [com.provisiones.misc.Utils:recuperaRecargo] sRecargoReal:|0,1|
2014-04-21 14:10:31,802 DEBUG [com.provisiones.misc.Utils:recuperaImporte] sImporte:|6|
2014-04-21 14:10:31,802 DEBUG [com.provisiones.misc.Utils:recuperaImporte] sImporteReal:|0,06|
2014-04-21 14:11:04,437 DEBUG [com.provisiones.misc.Utils:recuperaRecargo] sRecargo:|100000|
2014-04-21 14:11:04,438 DEBUG [com.provisiones.misc.Utils:recuperaRecargo] sRecargo.length():|6|
2014-04-21 14:11:04,438 DEBUG [com.provisiones.misc.Utils:recuperaRecargo] sEuros:|0|
2014-04-21 14:11:04,438 DEBUG [com.provisiones.misc.Utils:recuperaRecargo] sCentimos:|1|
2014-04-21 14:11:04,438 DEBUG [com.provisiones.misc.Utils:recuperaRecargo] sRecargoReal:|0,1|
2014-04-21 14:11:04,439 DEBUG [com.provisiones.misc.Utils:recuperaImporte] sImporte:|6|
2014-04-21 14:11:04,439 DEBUG [com.provisiones.misc.Utils:recuperaImporte] sImporteReal:|0,06|
2014-04-21 14:11:53,339 DEBUG [com.provisiones.misc.Utils:recuperaRecargo] sRecargo:|100000|
2014-04-21 14:11:53,340 DEBUG [com.provisiones.misc.Utils:recuperaRecargo] sRecargo.length():|6|
2014-04-21 14:11:53,340 DEBUG [com.provisiones.misc.Utils:recuperaRecargo] sEuros:|0|
2014-04-21 14:11:53,341 DEBUG [com.provisiones.misc.Utils:recuperaRecargo] sCentimos:|10|
2014-04-21 14:11:53,341 DEBUG [com.provisiones.misc.Utils:recuperaRecargo] sRecargoReal:|0,10|
2014-04-21 14:11:53,341 DEBUG [com.provisiones.misc.Utils:recuperaImporte] sImporte:|6|
2014-04-21 14:11:53,342 DEBUG [com.provisiones.misc.Utils:recuperaImporte] sImporteReal:|0,06|
2014-04-21 14:13:02,535 DEBUG [com.provisiones.misc.Utils:recuperaRecargo] sRecargo:|10000|
2014-04-21 14:13:02,536 DEBUG [com.provisiones.misc.Utils:recuperaRecargo] sRecargo.length():|5|
2014-04-21 14:13:02,536 DEBUG [com.provisiones.misc.Utils:recuperaRecargo] sEuros:|0|
2014-04-21 14:13:02,536 DEBUG [com.provisiones.misc.Utils:recuperaRecargo] sCentimos:|010|
2014-04-21 14:13:02,536 DEBUG [com.provisiones.misc.Utils:recuperaRecargo] sRecargoReal:|0,010|
2014-04-21 14:13:02,536 DEBUG [com.provisiones.misc.Utils:recuperaImporte] sImporte:|6|
2014-04-21 14:13:02,537 DEBUG [com.provisiones.misc.Utils:recuperaImporte] sImporteReal:|0,06|
2014-04-21 14:13:37,899 DEBUG [com.provisiones.misc.Utils:recuperaRecargo] sRecargo:|10000|
2014-04-21 14:13:37,901 DEBUG [com.provisiones.misc.Utils:recuperaRecargo] sRecargo.length():|5|
2014-04-21 14:13:37,901 DEBUG [com.provisiones.misc.Utils:recuperaRecargo] sEuros:|0|
2014-04-21 14:13:37,901 DEBUG [com.provisiones.misc.Utils:recuperaRecargo] sCentimos:|01|
2014-04-21 14:13:37,901 DEBUG [com.provisiones.misc.Utils:recuperaRecargo] sRecargoReal:|0,01|
2014-04-21 14:13:37,901 DEBUG [com.provisiones.misc.Utils:recuperaImporte] sImporte:|6|
2014-04-21 14:13:37,902 DEBUG [com.provisiones.misc.Utils:recuperaImporte] sImporteReal:|0,06|
2014-04-21 14:15:19,748 DEBUG [com.provisiones.misc.Utils:recuperaRecargo] sRecargo:|10000|
2014-04-21 14:15:19,749 DEBUG [com.provisiones.misc.Utils:recuperaRecargo] sRecargo.length():|5|
2014-04-21 14:15:19,749 DEBUG [com.provisiones.misc.Utils:recuperaRecargo] sEuros:|0|
2014-04-21 14:15:19,749 DEBUG [com.provisiones.misc.Utils:recuperaRecargo] sCentimos:|01|
2014-04-21 14:15:19,749 DEBUG [com.provisiones.misc.Utils:recuperaRecargo] sRecargoReal:|0,01|
2014-04-21 14:15:19,749 DEBUG [com.provisiones.misc.Utils:recuperaImporte] sImporte:|6|
2014-04-21 14:15:19,750 DEBUG [com.provisiones.misc.Utils:recuperaImporte] sImporteReal:|0,06|
2014-04-21 14:15:45,903 DEBUG [com.provisiones.misc.Utils:recuperaRecargo] sRecargo:|60000|
2014-04-21 14:15:45,904 DEBUG [com.provisiones.misc.Utils:recuperaRecargo] sRecargo.length():|5|
2014-04-21 14:15:45,904 DEBUG [com.provisiones.misc.Utils:recuperaRecargo] sEuros:|0|
2014-04-21 14:15:45,904 DEBUG [com.provisiones.misc.Utils:recuperaRecargo] sCentimos:|06|
2014-04-21 14:15:45,904 DEBUG [com.provisiones.misc.Utils:recuperaRecargo] sRecargoReal:|0,06|
2014-04-21 14:15:45,904 DEBUG [com.provisiones.misc.Utils:recuperaImporte] sImporte:|6|
2014-04-21 14:15:45,905 DEBUG [com.provisiones.misc.Utils:recuperaImporte] sImporteReal:|0,06|
2014-04-21 14:16:30,310 DEBUG [com.provisiones.misc.Utils:recuperaRecargo] sRecargo:|65000|
2014-04-21 14:16:30,312 DEBUG [com.provisiones.misc.Utils:recuperaRecargo] sRecargo.length():|5|
2014-04-21 14:16:30,312 DEBUG [com.provisiones.misc.Utils:recuperaRecargo] sEuros:|0|
2014-04-21 14:16:30,312 DEBUG [com.provisiones.misc.Utils:recuperaRecargo] sCentimos:|7|
2014-04-21 14:16:30,312 DEBUG [com.provisiones.misc.Utils:recuperaRecargo] sRecargoReal:|0,7|
2014-04-21 14:16:30,312 DEBUG [com.provisiones.misc.Utils:recuperaImporte] sImporte:|6|
2014-04-21 14:16:30,313 DEBUG [com.provisiones.misc.Utils:recuperaImporte] sImporteReal:|0,06|
2014-04-21 14:18:06,573 DEBUG [com.provisiones.misc.Utils:recuperaRecargo] sRecargo:|65000|
2014-04-21 14:18:06,575 DEBUG [com.provisiones.misc.Utils:recuperaRecargo] sRecargo.length():|5|
2014-04-21 14:18:06,575 DEBUG [com.provisiones.misc.Utils:recuperaRecargo] sEuros:|0|
2014-04-21 14:18:06,575 DEBUG [com.provisiones.misc.Utils:recuperaRecargo] sCentimos:|07|
2014-04-21 14:18:06,575 DEBUG [com.provisiones.misc.Utils:recuperaRecargo] sRecargoReal:|0,07|
2014-04-21 14:18:06,575 DEBUG [com.provisiones.misc.Utils:recuperaImporte] sImporte:|6|
2014-04-21 14:18:06,576 DEBUG [com.provisiones.misc.Utils:recuperaImporte] sImporteReal:|0,06|
2014-04-21 14:18:16,538 DEBUG [com.provisiones.misc.Utils:recuperaRecargo] sRecargo:|64000|
2014-04-21 14:18:16,540 DEBUG [com.provisiones.misc.Utils:recuperaRecargo] sRecargo.length():|5|
2014-04-21 14:18:16,540 DEBUG [com.provisiones.misc.Utils:recuperaRecargo] sEuros:|0|
2014-04-21 14:18:16,540 DEBUG [com.provisiones.misc.Utils:recuperaRecargo] sCentimos:|06|
2014-04-21 14:18:16,540 DEBUG [com.provisiones.misc.Utils:recuperaRecargo] sRecargoReal:|0,06|
2014-04-21 14:18:16,540 DEBUG [com.provisiones.misc.Utils:recuperaImporte] sImporte:|6|
2014-04-21 14:18:16,541 DEBUG [com.provisiones.misc.Utils:recuperaImporte] sImporteReal:|0,06|
2014-04-21 14:18:29,521 DEBUG [com.provisiones.misc.Utils:recuperaRecargo] sRecargo:|64999|
2014-04-21 14:18:29,523 DEBUG [com.provisiones.misc.Utils:recuperaRecargo] sRecargo.length():|5|
2014-04-21 14:18:29,523 DEBUG [com.provisiones.misc.Utils:recuperaRecargo] sEuros:|0|
2014-04-21 14:18:29,523 DEBUG [com.provisiones.misc.Utils:recuperaRecargo] sCentimos:|06|
2014-04-21 14:18:29,523 DEBUG [com.provisiones.misc.Utils:recuperaRecargo] sRecargoReal:|0,06|
2014-04-21 14:18:29,523 DEBUG [com.provisiones.misc.Utils:recuperaImporte] sImporte:|6|
2014-04-21 14:18:29,524 DEBUG [com.provisiones.misc.Utils:recuperaImporte] sImporteReal:|0,06|
2014-04-21 14:18:41,141 DEBUG [com.provisiones.misc.Utils:recuperaRecargo] sRecargo:|65000|
2014-04-21 14:18:41,142 DEBUG [com.provisiones.misc.Utils:recuperaRecargo] sRecargo.length():|5|
2014-04-21 14:18:41,142 DEBUG [com.provisiones.misc.Utils:recuperaRecargo] sEuros:|0|
2014-04-21 14:18:41,142 DEBUG [com.provisiones.misc.Utils:recuperaRecargo] sCentimos:|07|
2014-04-21 14:18:41,142 DEBUG [com.provisiones.misc.Utils:recuperaRecargo] sRecargoReal:|0,07|
2014-04-21 14:18:41,142 DEBUG [com.provisiones.misc.Utils:recuperaImporte] sImporte:|6|
2014-04-21 14:18:41,143 DEBUG [com.provisiones.misc.Utils:recuperaImporte] sImporteReal:|0,06|
2014-04-21 14:21:39,353 DEBUG [com.provisiones.misc.Utils:recuperaRecargo] sRecargo:|65000|
2014-04-21 14:21:39,354 DEBUG [com.provisiones.misc.Utils:recuperaRecargo] sRecargo.length():|5|
2014-04-21 14:21:39,354 DEBUG [com.provisiones.misc.Utils:recuperaRecargo] sEuros:|0|
2014-04-21 14:21:39,354 DEBUG [com.provisiones.misc.Utils:recuperaRecargo] sCentimos:|7|
2014-04-21 14:21:39,354 DEBUG [com.provisiones.misc.Utils:recuperaRecargo] sRecargoReal:|0,7|
2014-04-21 14:21:39,354 DEBUG [com.provisiones.misc.Utils:recuperaImporte] sImporte:|6|
2014-04-21 14:21:39,355 DEBUG [com.provisiones.misc.Utils:recuperaImporte] sImporteReal:|0,06|
2014-04-21 14:21:57,636 DEBUG [com.provisiones.misc.Utils:recuperaRecargo] sRecargo:|65000|
2014-04-21 14:21:57,638 DEBUG [com.provisiones.misc.Utils:recuperaRecargo] sRecargo.length():|5|
2014-04-21 14:21:57,638 DEBUG [com.provisiones.misc.Utils:recuperaRecargo] sEuros:|0|
2014-04-21 14:21:57,638 DEBUG [com.provisiones.misc.Utils:recuperaRecargo] sCentimos:|07|
2014-04-21 14:21:57,638 DEBUG [com.provisiones.misc.Utils:recuperaRecargo] sRecargoReal:|0,07|
2014-04-21 14:21:57,639 DEBUG [com.provisiones.misc.Utils:recuperaImporte] sImporte:|6|
2014-04-21 14:21:57,639 DEBUG [com.provisiones.misc.Utils:recuperaImporte] sImporteReal:|0,06|
2014-04-21 14:22:11,752 DEBUG [com.provisiones.misc.Utils:recuperaRecargo] sRecargo:|165000|
2014-04-21 14:22:11,754 DEBUG [com.provisiones.misc.Utils:recuperaRecargo] sRecargo.length():|6|
2014-04-21 14:22:11,754 DEBUG [com.provisiones.misc.Utils:recuperaRecargo] sEuros:|0|
2014-04-21 14:22:11,754 DEBUG [com.provisiones.misc.Utils:recuperaRecargo] sCentimos:|17|
2014-04-21 14:22:11,754 DEBUG [com.provisiones.misc.Utils:recuperaRecargo] sRecargoReal:|0,17|
2014-04-21 14:22:11,754 DEBUG [com.provisiones.misc.Utils:recuperaImporte] sImporte:|6|
2014-04-21 14:22:11,755 DEBUG [com.provisiones.misc.Utils:recuperaImporte] sImporteReal:|0,06|
2014-04-21 14:22:22,256 DEBUG [com.provisiones.misc.Utils:recuperaRecargo] sRecargo:|065000|
2014-04-21 14:22:22,258 DEBUG [com.provisiones.misc.Utils:recuperaRecargo] sRecargo.length():|6|
2014-04-21 14:22:22,258 DEBUG [com.provisiones.misc.Utils:recuperaRecargo] sEuros:|0|
2014-04-21 14:22:22,258 DEBUG [com.provisiones.misc.Utils:recuperaRecargo] sCentimos:|7|
2014-04-21 14:22:22,258 DEBUG [com.provisiones.misc.Utils:recuperaRecargo] sRecargoReal:|0,7|
2014-04-21 14:22:22,258 DEBUG [com.provisiones.misc.Utils:recuperaImporte] sImporte:|6|
2014-04-21 14:22:22,259 DEBUG [com.provisiones.misc.Utils:recuperaImporte] sImporteReal:|0,06|
2014-04-21 14:23:16,476 DEBUG [com.provisiones.misc.Utils:recuperaRecargo] sRecargo:|65000|
2014-04-21 14:23:16,478 DEBUG [com.provisiones.misc.Utils:recuperaRecargo] sRecargo.length():|5|
2014-04-21 14:23:16,478 DEBUG [com.provisiones.misc.Utils:recuperaRecargo] sEuros:|0|
2014-04-21 14:23:16,478 DEBUG [com.provisiones.misc.Utils:recuperaRecargo] sCentimos:|07|
2014-04-21 14:23:16,478 DEBUG [com.provisiones.misc.Utils:recuperaRecargo] sRecargoReal:|0,07|
2014-04-21 14:23:16,478 DEBUG [com.provisiones.misc.Utils:recuperaImporte] sImporte:|6|
2014-04-21 14:23:16,479 DEBUG [com.provisiones.misc.Utils:recuperaImporte] sImporteReal:|0,06|
2014-04-21 14:23:41,266 DEBUG [com.provisiones.misc.Utils:recuperaRecargo] sRecargo:|51000|
2014-04-21 14:23:41,267 DEBUG [com.provisiones.misc.Utils:recuperaRecargo] sRecargo.length():|5|
2014-04-21 14:23:41,267 DEBUG [com.provisiones.misc.Utils:recuperaRecargo] sEuros:|0|
2014-04-21 14:23:41,267 DEBUG [com.provisiones.misc.Utils:recuperaRecargo] sCentimos:|5|
2014-04-21 14:23:41,268 DEBUG [com.provisiones.misc.Utils:recuperaRecargo] sRecargoReal:|0,5|
2014-04-21 14:23:41,268 DEBUG [com.provisiones.misc.Utils:recuperaImporte] sImporte:|6|
2014-04-21 14:23:41,269 DEBUG [com.provisiones.misc.Utils:recuperaImporte] sImporteReal:|0,06|
2014-04-21 14:27:18,821 DEBUG [com.provisiones.misc.Utils:recuperaRecargo] sRecargo:|51000|
2014-04-21 14:27:18,823 DEBUG [com.provisiones.misc.Utils:recuperaRecargo] sRecargo.length():|5|
2014-04-21 14:27:18,823 DEBUG [com.provisiones.misc.Utils:recuperaRecargo] sEuros:|0|
2014-04-21 14:27:18,823 DEBUG [com.provisiones.misc.Utils:recuperaRecargo] sCentimos:|05|
2014-04-21 14:27:18,823 DEBUG [com.provisiones.misc.Utils:recuperaRecargo] sRecargoReal:|0,05|
2014-04-21 14:27:18,823 DEBUG [com.provisiones.misc.Utils:recuperaImporte] sImporte:|6|
2014-04-21 14:27:18,824 DEBUG [com.provisiones.misc.Utils:recuperaImporte] sImporteReal:|0,06|
2014-04-21 14:27:30,727 DEBUG [com.provisiones.misc.Utils:recuperaRecargo] sRecargo:|51000|
2014-04-21 14:27:30,729 DEBUG [com.provisiones.misc.Utils:recuperaRecargo] sRecargo.length():|5|
2014-04-21 14:27:30,729 DEBUG [com.provisiones.misc.Utils:recuperaRecargo] sEuros:|0|
2014-04-21 14:27:30,729 DEBUG [com.provisiones.misc.Utils:recuperaRecargo] sCentimos:|05|
2014-04-21 14:27:30,729 DEBUG [com.provisiones.misc.Utils:recuperaRecargo] sRecargoReal:|0,05|
2014-04-21 14:27:30,729 DEBUG [com.provisiones.misc.Utils:recuperaImporte] sImporte:|6|
2014-04-21 14:27:30,730 DEBUG [com.provisiones.misc.Utils:recuperaImporte] sImporteReal:|0,06|
2014-04-21 14:27:48,822 DEBUG [com.provisiones.misc.Utils:recuperaRecargo] sRecargo:|51000|
2014-04-21 14:27:48,823 DEBUG [com.provisiones.misc.Utils:recuperaRecargo] sRecargo.length():|5|
2014-04-21 14:27:48,823 DEBUG [com.provisiones.misc.Utils:recuperaRecargo] sEuros:|0|
2014-04-21 14:27:48,824 DEBUG [com.provisiones.misc.Utils:recuperaRecargo] sCentimos:|05|
2014-04-21 14:27:48,824 DEBUG [com.provisiones.misc.Utils:recuperaRecargo] sRecargoReal:|0,05|
2014-04-21 14:27:48,824 DEBUG [com.provisiones.misc.Utils:recuperaImporte] sImporte:|6|
2014-04-21 14:27:48,825 DEBUG [com.provisiones.misc.Utils:recuperaImporte] sImporteReal:|0,06|
2014-04-21 14:28:06,648 DEBUG [com.provisiones.misc.Utils:recuperaRecargo] sRecargo:|55000|
2014-04-21 14:28:06,650 DEBUG [com.provisiones.misc.Utils:recuperaRecargo] sRecargo.length():|5|
2014-04-21 14:28:06,650 DEBUG [com.provisiones.misc.Utils:recuperaRecargo] sEuros:|0|
2014-04-21 14:28:06,650 DEBUG [com.provisiones.misc.Utils:recuperaRecargo] sCentimos:|06|
2014-04-21 14:28:06,650 DEBUG [com.provisiones.misc.Utils:recuperaRecargo] sRecargoReal:|0,06|
2014-04-21 14:28:06,650 DEBUG [com.provisiones.misc.Utils:recuperaImporte] sImporte:|6|
2014-04-21 14:28:06,651 DEBUG [com.provisiones.misc.Utils:recuperaImporte] sImporteReal:|0,06|
2014-04-21 14:28:15,773 DEBUG [com.provisiones.misc.Utils:recuperaRecargo] sRecargo:|95000|
2014-04-21 14:28:15,775 DEBUG [com.provisiones.misc.Utils:recuperaRecargo] sRecargo.length():|5|
2014-04-21 14:28:15,775 DEBUG [com.provisiones.misc.Utils:recuperaRecargo] sEuros:|0|
2014-04-21 14:28:15,775 DEBUG [com.provisiones.misc.Utils:recuperaRecargo] sCentimos:|10|
2014-04-21 14:28:15,775 DEBUG [com.provisiones.misc.Utils:recuperaRecargo] sRecargoReal:|0,10|
2014-04-21 14:28:15,775 DEBUG [com.provisiones.misc.Utils:recuperaImporte] sImporte:|6|
2014-04-21 14:28:15,776 DEBUG [com.provisiones.misc.Utils:recuperaImporte] sImporteReal:|0,06|
2014-04-21 14:33:13,349 DEBUG [com.provisiones.misc.Utils:recuperaRecargo] sRecargo:|95000|
2014-04-21 14:33:13,351 DEBUG [com.provisiones.misc.Utils:recuperaRecargo] sRecargo.length():|5|
2014-04-21 14:33:13,351 DEBUG [com.provisiones.misc.Utils:recuperaRecargo] sEuros:|0|
2014-04-21 14:33:13,351 DEBUG [com.provisiones.misc.Utils:recuperaRecargo] sCentimos:|10|
2014-04-21 14:33:13,351 DEBUG [com.provisiones.misc.Utils:recuperaRecargo] sRecargoReal:|0,10|
2014-04-21 14:33:13,351 DEBUG [com.provisiones.misc.Utils:recuperaImporte] sImporte:|6|
2014-04-21 14:33:13,352 DEBUG [com.provisiones.misc.Utils:recuperaImporte] sEuros:|0|
2014-04-21 14:33:13,352 DEBUG [com.provisiones.misc.Utils:recuperaImporte] sCentimos:|06|
2014-04-21 14:33:13,352 DEBUG [com.provisiones.misc.Utils:recuperaImporte] sImporteReal:|0,06|
2014-04-21 14:33:23,893 DEBUG [com.provisiones.misc.Utils:recuperaRecargo] sRecargo:|95000|
2014-04-21 14:33:23,895 DEBUG [com.provisiones.misc.Utils:recuperaRecargo] sRecargo.length():|5|
2014-04-21 14:33:23,895 DEBUG [com.provisiones.misc.Utils:recuperaRecargo] sEuros:|0|
2014-04-21 14:33:23,895 DEBUG [com.provisiones.misc.Utils:recuperaRecargo] sCentimos:|10|
2014-04-21 14:33:23,895 DEBUG [com.provisiones.misc.Utils:recuperaRecargo] sRecargoReal:|0,10|
2014-04-21 14:33:23,895 DEBUG [com.provisiones.misc.Utils:recuperaImporte] sImporte:|16|
2014-04-21 14:33:23,896 DEBUG [com.provisiones.misc.Utils:recuperaImporte] sEuros:|0|
2014-04-21 14:33:23,896 DEBUG [com.provisiones.misc.Utils:recuperaImporte] sCentimos:|16|
2014-04-21 14:33:23,896 DEBUG [com.provisiones.misc.Utils:recuperaImporte] sImporteReal:|0,16|
2014-04-21 14:33:32,633 DEBUG [com.provisiones.misc.Utils:recuperaRecargo] sRecargo:|95000|
2014-04-21 14:33:32,634 DEBUG [com.provisiones.misc.Utils:recuperaRecargo] sRecargo.length():|5|
2014-04-21 14:33:32,635 DEBUG [com.provisiones.misc.Utils:recuperaRecargo] sEuros:|0|
2014-04-21 14:33:32,635 DEBUG [com.provisiones.misc.Utils:recuperaRecargo] sCentimos:|10|
2014-04-21 14:33:32,635 DEBUG [com.provisiones.misc.Utils:recuperaRecargo] sRecargoReal:|0,10|
2014-04-21 14:33:32,635 DEBUG [com.provisiones.misc.Utils:recuperaImporte] sImporte:|1|
2014-04-21 14:33:32,636 DEBUG [com.provisiones.misc.Utils:recuperaImporte] sEuros:|0|
2014-04-21 14:33:32,636 DEBUG [com.provisiones.misc.Utils:recuperaImporte] sCentimos:|01|
2014-04-21 14:33:32,636 DEBUG [com.provisiones.misc.Utils:recuperaImporte] sImporteReal:|0,01|
2014-04-21 14:35:47,666 DEBUG [com.provisiones.misc.Utils:recuperaRecargo] sRecargo:|95000|
2014-04-21 14:35:47,668 DEBUG [com.provisiones.misc.Utils:recuperaRecargo] sRecargo.length():|5|
2014-04-21 14:35:47,668 DEBUG [com.provisiones.misc.Utils:recuperaRecargo] sEuros:|0|
2014-04-21 14:35:47,668 DEBUG [com.provisiones.misc.Utils:recuperaRecargo] sCentimos:|10|
2014-04-21 14:35:47,668 DEBUG [com.provisiones.misc.Utils:recuperaRecargo] sRecargoReal:|0,10|
2014-04-21 14:35:47,668 DEBUG [com.provisiones.misc.Utils:recuperaImporte] sImporte:|1|
2014-04-21 14:35:47,669 DEBUG [com.provisiones.misc.Utils:recuperaImporte] sEuros:|0|
2014-04-21 14:35:47,669 DEBUG [com.provisiones.misc.Utils:recuperaImporte] sCentimos:|01|
2014-04-21 14:35:47,669 DEBUG [com.provisiones.misc.Utils:recuperaImporte] sImporteReal:|0,01|
2014-04-21 14:35:54,081 DEBUG [com.provisiones.misc.Utils:recuperaRecargo] sRecargo:|95000|
2014-04-21 14:35:54,083 DEBUG [com.provisiones.misc.Utils:recuperaRecargo] sRecargo.length():|5|
2014-04-21 14:35:54,083 DEBUG [com.provisiones.misc.Utils:recuperaRecargo] sEuros:|0|
2014-04-21 14:35:54,083 DEBUG [com.provisiones.misc.Utils:recuperaRecargo] sCentimos:|10|
2014-04-21 14:35:54,083 DEBUG [com.provisiones.misc.Utils:recuperaRecargo] sRecargoReal:|0,10|
2014-04-21 14:35:54,083 DEBUG [com.provisiones.misc.Utils:recuperaImporte] sImporte:|13|
2014-04-21 14:35:54,084 DEBUG [com.provisiones.misc.Utils:recuperaImporte] sEuros:|0|
2014-04-21 14:35:54,084 DEBUG [com.provisiones.misc.Utils:recuperaImporte] sCentimos:|13|
2014-04-21 14:35:54,084 DEBUG [com.provisiones.misc.Utils:recuperaImporte] sImporteReal:|0,13|
2014-04-21 14:38:10,152 DEBUG [com.provisiones.misc.Utils:recuperaRecargo] sRecargo:|95000|
2014-04-21 14:38:10,154 DEBUG [com.provisiones.misc.Utils:recuperaRecargo] sRecargo.length():|5|
2014-04-21 14:38:10,154 DEBUG [com.provisiones.misc.Utils:recuperaRecargo] sEuros:|0|
2014-04-21 14:38:10,154 DEBUG [com.provisiones.misc.Utils:recuperaRecargo] sCentimos:|10|
2014-04-21 14:38:10,154 DEBUG [com.provisiones.misc.Utils:recuperaRecargo] sRecargoReal:|0,10|
2014-04-21 14:38:10,154 DEBUG [com.provisiones.misc.Utils:recuperaImporte] sImporte:|13|
2014-04-21 14:38:10,155 DEBUG [com.provisiones.misc.Utils:recuperaImporte] sEuros:|0|
2014-04-21 14:38:10,155 DEBUG [com.provisiones.misc.Utils:recuperaImporte] sCentimos:|13|
2014-04-21 14:38:10,155 DEBUG [com.provisiones.misc.Utils:recuperaImporte] sImporteReal:|0,13|
2014-04-21 14:38:18,634 DEBUG [com.provisiones.misc.Utils:recuperaRecargo] sRecargo:|95000|
2014-04-21 14:38:18,635 DEBUG [com.provisiones.misc.Utils:recuperaRecargo] sRecargo.length():|5|
2014-04-21 14:38:18,635 DEBUG [com.provisiones.misc.Utils:recuperaRecargo] sEuros:|0|
2014-04-21 14:38:18,635 DEBUG [com.provisiones.misc.Utils:recuperaRecargo] sCentimos:|10|
2014-04-21 14:38:18,635 DEBUG [com.provisiones.misc.Utils:recuperaRecargo] sRecargoReal:|0,10|
2014-04-21 14:38:18,635 DEBUG [com.provisiones.misc.Utils:recuperaImporte] sImporte:|1|
2014-04-21 14:38:18,636 DEBUG [com.provisiones.misc.Utils:recuperaImporte] sEuros:|0|
2014-04-21 14:38:18,636 DEBUG [com.provisiones.misc.Utils:recuperaImporte] sCentimos:|01|
2014-04-21 14:38:18,636 DEBUG [com.provisiones.misc.Utils:recuperaImporte] sImporteReal:|0,01|
2014-04-21 14:38:27,809 DEBUG [com.provisiones.misc.Utils:recuperaRecargo] sRecargo:|95000|
2014-04-21 14:38:27,811 DEBUG [com.provisiones.misc.Utils:recuperaRecargo] sRecargo.length():|5|
2014-04-21 14:38:27,811 DEBUG [com.provisiones.misc.Utils:recuperaRecargo] sEuros:|0|
2014-04-21 14:38:27,811 DEBUG [com.provisiones.misc.Utils:recuperaRecargo] sCentimos:|10|
2014-04-21 14:38:27,811 DEBUG [com.provisiones.misc.Utils:recuperaRecargo] sRecargoReal:|0,10|
2014-04-21 14:38:27,811 DEBUG [com.provisiones.misc.Utils:recuperaImporte] sImporte:|133|
2014-04-21 14:38:27,812 DEBUG [com.provisiones.misc.Utils:recuperaImporte] sEuros:|1|
2014-04-21 14:38:27,812 DEBUG [com.provisiones.misc.Utils:recuperaImporte] sCentimos:|33|
2014-04-21 14:38:27,812 DEBUG [com.provisiones.misc.Utils:recuperaImporte] sImporteReal:|1,33|
2014-04-21 14:38:37,513 DEBUG [com.provisiones.misc.Utils:recuperaRecargo] sRecargo:|95000|
2014-04-21 14:38:37,514 DEBUG [com.provisiones.misc.Utils:recuperaRecargo] sRecargo.length():|5|
2014-04-21 14:38:37,514 DEBUG [com.provisiones.misc.Utils:recuperaRecargo] sEuros:|0|
2014-04-21 14:38:37,515 DEBUG [com.provisiones.misc.Utils:recuperaRecargo] sCentimos:|10|
2014-04-21 14:38:37,515 DEBUG [com.provisiones.misc.Utils:recuperaRecargo] sRecargoReal:|0,10|
2014-04-21 14:38:37,515 DEBUG [com.provisiones.misc.Utils:recuperaImporte] sImporte:|133123412|
2014-04-21 14:38:37,516 DEBUG [com.provisiones.misc.Utils:recuperaImporte] sEuros:|1331234|
2014-04-21 14:38:37,516 DEBUG [com.provisiones.misc.Utils:recuperaImporte] sCentimos:|12|
2014-04-21 14:38:37,516 DEBUG [com.provisiones.misc.Utils:recuperaImporte] sImporteReal:|1331234,12|
2014-04-21 14:38:49,783 DEBUG [com.provisiones.misc.Utils:recuperaRecargo] sRecargo:|95000|
2014-04-21 14:38:49,785 DEBUG [com.provisiones.misc.Utils:recuperaRecargo] sRecargo.length():|5|
2014-04-21 14:38:49,785 DEBUG [com.provisiones.misc.Utils:recuperaRecargo] sEuros:|0|
2014-04-21 14:38:49,785 DEBUG [com.provisiones.misc.Utils:recuperaRecargo] sCentimos:|10|
2014-04-21 14:38:49,785 DEBUG [com.provisiones.misc.Utils:recuperaRecargo] sRecargoReal:|0,10|
2014-04-21 14:38:49,785 DEBUG [com.provisiones.misc.Utils:recuperaImporte] sImporte:|2|
2014-04-21 14:38:49,786 DEBUG [com.provisiones.misc.Utils:recuperaImporte] sEuros:|0|
2014-04-21 14:38:49,786 DEBUG [com.provisiones.misc.Utils:recuperaImporte] sCentimos:|02|
2014-04-21 14:38:49,786 DEBUG [com.provisiones.misc.Utils:recuperaImporte] sImporteReal:|0,02|
2014-04-21 14:39:41,363 DEBUG [com.provisiones.misc.Utils:recuperaRecargo] sRecargo:|95000|
2014-04-21 14:39:41,364 DEBUG [com.provisiones.misc.Utils:recuperaRecargo] sRecargo.length():|5|
2014-04-21 14:39:41,364 DEBUG [com.provisiones.misc.Utils:recuperaRecargo] sEuros:|0|
2014-04-21 14:39:41,365 DEBUG [com.provisiones.misc.Utils:recuperaRecargo] sCentimos:|10|
2014-04-21 14:39:41,365 DEBUG [com.provisiones.misc.Utils:recuperaRecargo] sRecargoReal:|0,10|
2014-04-21 14:39:41,365 DEBUG [com.provisiones.misc.Utils:recuperaImporte] sImporte:|0|
2014-04-21 14:39:41,366 DEBUG [com.provisiones.misc.Utils:recuperaImporte] sEuros:|0|
2014-04-21 14:39:41,366 DEBUG [com.provisiones.misc.Utils:recuperaImporte] sCentimos:|00|
2014-04-21 14:39:41,366 DEBUG [com.provisiones.misc.Utils:recuperaImporte] sImporteReal:|0,00|
2014-04-21 14:40:29,397 DEBUG [com.provisiones.misc.Utils:recuperaRecargo] sRecargo:|95000|
2014-04-21 14:40:29,398 DEBUG [com.provisiones.misc.Utils:recuperaRecargo] sRecargo.length():|5|
2014-04-21 14:40:29,398 DEBUG [com.provisiones.misc.Utils:recuperaRecargo] sEuros:|0|
2014-04-21 14:40:29,398 DEBUG [com.provisiones.misc.Utils:recuperaRecargo] sCentimos:|10|
2014-04-21 14:40:29,398 DEBUG [com.provisiones.misc.Utils:recuperaRecargo] sRecargoReal:|0,10|
2014-04-21 14:40:29,398 DEBUG [com.provisiones.misc.Utils:recuperaImporte] sImporte:|0|
2014-04-21 14:40:29,399 DEBUG [com.provisiones.misc.Utils:recuperaImporte] sEuros:|0|
2014-04-21 14:40:29,399 DEBUG [com.provisiones.misc.Utils:recuperaImporte] sCentimos:|00|
2014-04-21 14:40:29,400 DEBUG [com.provisiones.misc.Utils:recuperaImporte] sImporteReal:|0|
2014-04-21 14:40:51,434 DEBUG [com.provisiones.misc.Utils:recuperaRecargo] sRecargo:|95000|
2014-04-21 14:40:51,436 DEBUG [com.provisiones.misc.Utils:recuperaRecargo] sRecargo.length():|5|
2014-04-21 14:40:51,436 DEBUG [com.provisiones.misc.Utils:recuperaRecargo] sEuros:|0|
2014-04-21 14:40:51,436 DEBUG [com.provisiones.misc.Utils:recuperaRecargo] sCentimos:|10|
2014-04-21 14:40:51,436 DEBUG [com.provisiones.misc.Utils:recuperaRecargo] sRecargoReal:|0,10|
2014-04-21 14:40:51,436 DEBUG [com.provisiones.misc.Utils:recuperaImporte] sImporte:||
2014-04-21 14:40:51,437 DEBUG [com.provisiones.misc.Utils:recuperaImporte] sEuros:|0|
2014-04-21 14:40:51,437 DEBUG [com.provisiones.misc.Utils:recuperaImporte] sCentimos:|00|
2014-04-21 14:40:51,437 DEBUG [com.provisiones.misc.Utils:recuperaImporte] sImporteReal:|0|
2014-04-21 14:41:00,420 DEBUG [com.provisiones.misc.Utils:recuperaRecargo] sRecargo:|95000|
2014-04-21 14:41:00,422 DEBUG [com.provisiones.misc.Utils:recuperaRecargo] sRecargo.length():|5|
2014-04-21 14:41:00,422 DEBUG [com.provisiones.misc.Utils:recuperaRecargo] sEuros:|0|
2014-04-21 14:41:00,422 DEBUG [com.provisiones.misc.Utils:recuperaRecargo] sCentimos:|10|
2014-04-21 14:41:00,422 DEBUG [com.provisiones.misc.Utils:recuperaRecargo] sRecargoReal:|0,10|
2014-04-21 14:41:00,422 DEBUG [com.provisiones.misc.Utils:recuperaImporte] sImporte:|0|
2014-04-21 14:41:00,423 DEBUG [com.provisiones.misc.Utils:recuperaImporte] sEuros:|0|
2014-04-21 14:41:00,423 DEBUG [com.provisiones.misc.Utils:recuperaImporte] sCentimos:|00|
2014-04-21 14:41:00,423 DEBUG [com.provisiones.misc.Utils:recuperaImporte] sImporteReal:|0|
2014-04-21 14:49:41,492 DEBUG [com.provisiones.misc.Utils:recuperaRecargo] sRecargo:|95000|
2014-04-21 14:49:41,494 DEBUG [com.provisiones.misc.Utils:recuperaRecargo] sRecargo.length():|5|
2014-04-21 14:49:41,494 DEBUG [com.provisiones.misc.Utils:recuperaRecargo] sEuros:|0|
2014-04-21 14:49:41,494 DEBUG [com.provisiones.misc.Utils:recuperaRecargo] sCentimos:|10|
2014-04-21 14:49:41,494 DEBUG [com.provisiones.misc.Utils:recuperaRecargo] sRecargoReal:|0,10|
2014-04-21 14:49:41,494 DEBUG [com.provisiones.misc.Utils:recuperaImporte] sImporte:|0|
2014-04-21 14:49:41,495 DEBUG [com.provisiones.misc.Utils:recuperaImporte] sEuros:|0|
2014-04-21 14:49:41,495 DEBUG [com.provisiones.misc.Utils:recuperaImporte] sCentimos:|00|
2014-04-21 14:49:41,495 DEBUG [com.provisiones.misc.Utils:recuperaImporte] sImporteReal:|0|
2014-04-21 14:49:55,221 DEBUG [com.provisiones.misc.Utils:recuperaRecargo] sRecargo:|995000|
2014-04-21 14:49:55,222 DEBUG [com.provisiones.misc.Utils:recuperaRecargo] sRecargo.length():|6|
2014-04-21 14:49:55,222 DEBUG [com.provisiones.misc.Utils:recuperaRecargo] sEuros:|1|
2014-04-21 14:49:55,222 DEBUG [com.provisiones.misc.Utils:recuperaRecargo] sCentimos:|00|
2014-04-21 14:49:55,222 DEBUG [com.provisiones.misc.Utils:recuperaRecargo] sRecargoReal:|1,00|
2014-04-21 14:49:55,223 DEBUG [com.provisiones.misc.Utils:recuperaImporte] sImporte:|0|
2014-04-21 14:49:55,223 DEBUG [com.provisiones.misc.Utils:recuperaImporte] sEuros:|0|
2014-04-21 14:49:55,224 DEBUG [com.provisiones.misc.Utils:recuperaImporte] sCentimos:|00|
2014-04-21 14:49:55,224 DEBUG [com.provisiones.misc.Utils:recuperaImporte] sImporteReal:|0|
2014-04-21 14:50:15,415 DEBUG [com.provisiones.misc.Utils:recuperaRecargo] sRecargo:|5000|
2014-04-21 14:50:15,416 DEBUG [com.provisiones.misc.Utils:recuperaRecargo] sRecargo.length():|4|
2014-04-21 14:50:15,417 DEBUG [com.provisiones.misc.Utils:recuperaRecargo] sEuros:|0|
2014-04-21 14:50:15,417 DEBUG [com.provisiones.misc.Utils:recuperaRecargo] sCentimos:|01|
2014-04-21 14:50:15,417 DEBUG [com.provisiones.misc.Utils:recuperaRecargo] sRecargoReal:|0,01|
2014-04-21 14:50:15,417 DEBUG [com.provisiones.misc.Utils:recuperaImporte] sImporte:|0|
2014-04-21 14:50:15,418 DEBUG [com.provisiones.misc.Utils:recuperaImporte] sEuros:|0|
2014-04-21 14:50:15,418 DEBUG [com.provisiones.misc.Utils:recuperaImporte] sCentimos:|00|
2014-04-21 14:50:15,418 DEBUG [com.provisiones.misc.Utils:recuperaImporte] sImporteReal:|0|
2014-04-21 14:50:26,577 DEBUG [com.provisiones.misc.Utils:recuperaRecargo] sRecargo:|5000|
2014-04-21 14:50:26,579 DEBUG [com.provisiones.misc.Utils:recuperaRecargo] sRecargo.length():|4|
2014-04-21 14:50:26,579 DEBUG [com.provisiones.misc.Utils:recuperaRecargo] sEuros:|0|
2014-04-21 14:50:26,579 DEBUG [com.provisiones.misc.Utils:recuperaRecargo] sCentimos:|01|
2014-04-21 14:50:26,579 DEBUG [com.provisiones.misc.Utils:recuperaRecargo] sRecargoReal:|0,01|
2014-04-21 14:50:26,579 DEBUG [com.provisiones.misc.Utils:recuperaImporte] sImporte:|1|
2014-04-21 14:50:26,580 DEBUG [com.provisiones.misc.Utils:recuperaImporte] sEuros:|0|
2014-04-21 14:50:26,580 DEBUG [com.provisiones.misc.Utils:recuperaImporte] sCentimos:|01|
2014-04-21 14:50:26,580 DEBUG [com.provisiones.misc.Utils:recuperaImporte] sImporteReal:|0,01|
2014-04-21 14:50:38,946 DEBUG [com.provisiones.misc.Utils:recuperaRecargo] sRecargo:|4000|
2014-04-21 14:50:38,948 DEBUG [com.provisiones.misc.Utils:recuperaRecargo] sRecargo.length():|4|
2014-04-21 14:50:38,948 DEBUG [com.provisiones.misc.Utils:recuperaRecargo] sEuros:|0|
2014-04-21 14:50:38,948 DEBUG [com.provisiones.misc.Utils:recuperaRecargo] sCentimos:|00|
2014-04-21 14:50:38,948 DEBUG [com.provisiones.misc.Utils:recuperaRecargo] sRecargoReal:|0|
2014-04-21 14:50:38,948 DEBUG [com.provisiones.misc.Utils:recuperaImporte] sImporte:|1|
2014-04-21 14:50:38,949 DEBUG [com.provisiones.misc.Utils:recuperaImporte] sEuros:|0|
2014-04-21 14:50:38,949 DEBUG [com.provisiones.misc.Utils:recuperaImporte] sCentimos:|01|
2014-04-21 14:50:38,949 DEBUG [com.provisiones.misc.Utils:recuperaImporte] sImporteReal:|0,01|
2014-04-21 14:50:55,997 DEBUG [com.provisiones.misc.Utils:recuperaRecargo] sRecargo:|4000|
2014-04-21 14:50:55,999 DEBUG [com.provisiones.misc.Utils:recuperaRecargo] sRecargo.length():|4|
2014-04-21 14:50:55,999 DEBUG [com.provisiones.misc.Utils:recuperaRecargo] sEuros:|0|
2014-04-21 14:50:55,999 DEBUG [com.provisiones.misc.Utils:recuperaRecargo] sCentimos:|00|
2014-04-21 14:50:55,999 DEBUG [com.provisiones.misc.Utils:recuperaRecargo] sRecargoReal:|0|
2014-04-21 14:50:55,999 DEBUG [com.provisiones.misc.Utils:recuperaImporte] sImporte:|0|
2014-04-21 14:50:56,000 DEBUG [com.provisiones.misc.Utils:recuperaImporte] sEuros:|0|
2014-04-21 14:50:56,000 DEBUG [com.provisiones.misc.Utils:recuperaImporte] sCentimos:|00|
2014-04-21 14:50:56,000 DEBUG [com.provisiones.misc.Utils:recuperaImporte] sImporteReal:|0|
2014-04-21 14:51:06,843 DEBUG [com.provisiones.misc.Utils:recuperaRecargo] sRecargo:|5000|
2014-04-21 14:51:06,845 DEBUG [com.provisiones.misc.Utils:recuperaRecargo] sRecargo.length():|4|
2014-04-21 14:51:06,845 DEBUG [com.provisiones.misc.Utils:recuperaRecargo] sEuros:|0|
2014-04-21 14:51:06,845 DEBUG [com.provisiones.misc.Utils:recuperaRecargo] sCentimos:|01|
2014-04-21 14:51:06,845 DEBUG [com.provisiones.misc.Utils:recuperaRecargo] sRecargoReal:|0,01|
2014-04-21 14:51:06,845 DEBUG [com.provisiones.misc.Utils:recuperaImporte] sImporte:|0|
2014-04-21 14:51:06,846 DEBUG [com.provisiones.misc.Utils:recuperaImporte] sEuros:|0|
2014-04-21 14:51:06,846 DEBUG [com.provisiones.misc.Utils:recuperaImporte] sCentimos:|00|
2014-04-21 14:51:06,846 DEBUG [com.provisiones.misc.Utils:recuperaImporte] sImporteReal:|0|
2014-04-21 14:51:32,226 DEBUG [com.provisiones.misc.Utils:recuperaRecargo] sRecargo:|1995000|
2014-04-21 14:51:32,227 DEBUG [com.provisiones.misc.Utils:recuperaRecargo] sRecargo.length():|7|
2014-04-21 14:51:32,227 DEBUG [com.provisiones.misc.Utils:recuperaRecargo] sEuros:|2|
2014-04-21 14:51:32,228 DEBUG [com.provisiones.misc.Utils:recuperaRecargo] sCentimos:|00|
2014-04-21 14:51:32,228 DEBUG [com.provisiones.misc.Utils:recuperaRecargo] sRecargoReal:|2,00|
2014-04-21 14:51:32,228 DEBUG [com.provisiones.misc.Utils:recuperaImporte] sImporte:|0|
2014-04-21 14:51:32,229 DEBUG [com.provisiones.misc.Utils:recuperaImporte] sEuros:|0|
2014-04-21 14:51:32,229 DEBUG [com.provisiones.misc.Utils:recuperaImporte] sCentimos:|00|
2014-04-21 14:51:32,229 DEBUG [com.provisiones.misc.Utils:recuperaImporte] sImporteReal:|0|
2014-04-23 20:11:25,716 DEBUG [com.provisiones.misc.Utils:recuperaRecargo] sRecargo:|1995000|
2014-04-23 20:11:25,720 DEBUG [com.provisiones.misc.Utils:recuperaRecargo] sRecargo.length():|7|
2014-04-23 20:11:25,720 DEBUG [com.provisiones.misc.Utils:recuperaRecargo] sEuros:|2|
2014-04-23 20:11:25,720 DEBUG [com.provisiones.misc.Utils:recuperaRecargo] sCentimos:|00|
2014-04-23 20:11:25,720 DEBUG [com.provisiones.misc.Utils:recuperaRecargo] sRecargoReal:|2,00|
2014-04-23 20:11:25,720 DEBUG [com.provisiones.misc.Utils:recuperaImporte] sImporte:|0|
2014-04-23 20:11:25,721 DEBUG [com.provisiones.misc.Utils:recuperaImporte] sEuros:|0|
2014-04-23 20:11:25,721 DEBUG [com.provisiones.misc.Utils:recuperaImporte] sCentimos:|00|
2014-04-23 20:11:25,721 DEBUG [com.provisiones.misc.Utils:recuperaImporte] sImporteReal:|0|
2014-04-23 20:11:38,067 DEBUG [com.provisiones.misc.Utils:recuperaRecargo] sRecargo:|1995000|
2014-04-23 20:11:38,069 DEBUG [com.provisiones.misc.Utils:recuperaRecargo] sRecargo.length():|7|
2014-04-23 20:11:38,069 DEBUG [com.provisiones.misc.Utils:recuperaRecargo] sEuros:|2|
2014-04-23 20:11:38,069 DEBUG [com.provisiones.misc.Utils:recuperaRecargo] sCentimos:|00|
2014-04-23 20:11:38,069 DEBUG [com.provisiones.misc.Utils:recuperaRecargo] sRecargoReal:|2,00|
2014-04-23 20:11:38,069 DEBUG [com.provisiones.misc.Utils:recuperaImporte] sImporte:|0|
2014-04-23 20:11:38,070 DEBUG [com.provisiones.misc.Utils:recuperaImporte] sEuros:|0|
2014-04-23 20:11:38,070 DEBUG [com.provisiones.misc.Utils:recuperaImporte] sCentimos:|00|
2014-04-23 20:11:38,070 DEBUG [com.provisiones.misc.Utils:recuperaImporte] sImporteReal:|0|
2014-04-23 20:12:57,106 DEBUG [com.provisiones.misc.Utils:recuperaRecargo] sRecargo:|1995000|
2014-04-23 20:12:57,108 DEBUG [com.provisiones.misc.Utils:recuperaRecargo] sRecargo.length():|7|
2014-04-23 20:12:57,108 DEBUG [com.provisiones.misc.Utils:recuperaRecargo] sEuros:|2|
2014-04-23 20:12:57,108 DEBUG [com.provisiones.misc.Utils:recuperaRecargo] sCentimos:|00|
2014-04-23 20:12:57,108 DEBUG [com.provisiones.misc.Utils:recuperaRecargo] sRecargoReal:|2,00|
2014-04-23 20:12:57,108 DEBUG [com.provisiones.misc.Utils:recuperaImporte] sImporte:|0|
2014-04-23 20:12:57,109 DEBUG [com.provisiones.misc.Utils:recuperaImporte] sEuros:|0|
2014-04-23 20:12:57,109 DEBUG [com.provisiones.misc.Utils:recuperaImporte] sCentimos:|00|
2014-04-23 20:12:57,109 DEBUG [com.provisiones.misc.Utils:recuperaImporte] sImporteReal:|0|
2014-04-23 20:19:31,292 DEBUG [com.provisiones.misc.Utils:recuperaRecargo] sRecargo:|1995000|
2014-04-23 20:19:31,294 DEBUG [com.provisiones.misc.Utils:recuperaRecargo] sRecargo.length():|7|
2014-04-23 20:19:31,294 DEBUG [com.provisiones.misc.Utils:recuperaRecargo] sEuros:|2|
2014-04-23 20:19:31,294 DEBUG [com.provisiones.misc.Utils:recuperaRecargo] sCentimos:|00|
2014-04-23 20:19:31,294 DEBUG [com.provisiones.misc.Utils:recuperaRecargo] sRecargoReal:|2,00|
2014-04-23 20:19:31,294 DEBUG [com.provisiones.misc.Utils:recuperaImporte] sImporte:|0|
2014-04-23 20:19:31,295 DEBUG [com.provisiones.misc.Utils:recuperaImporte] sEuros:|0|
2014-04-23 20:19:31,296 DEBUG [com.provisiones.misc.Utils:recuperaImporte] sCentimos:|00|
2014-04-23 20:19:31,296 DEBUG [com.provisiones.misc.Utils:recuperaImporte] sImporteReal:|0|
